{"level":"fatal","message":"GET en /logger - 17:20:59"}
{"level":"warning","message":"Alerta"}
{"level":"fatal","message":"GET en /logger - 17:24:18"}
{"level":"warning","message":"Alerta"}
{"level":"fatal","message":"GET en /logger - 17:31:44"}
{"level":"warning","message":"Alerta"}
{"level":"fatal","message":"GET en /logger - 17:35:21"}
{"level":"warning","message":"Alerta"}
{"level":"fatal","message":"GET en /logger - 18:19:39"}
{"level":"warning","message":"Alerta"}
{"level":"fatal","message":"GET en /logger - 18:20:44"}
{"level":"warning","message":"Alerta"}
{"level":"fatal","message":"GET en /logger - 18:21:36"}
{"level":"warning","message":"Alerta"}
{"level":"fatal","message":"GET en /logger - 20:01:15"}
{"level":"warning","message":"Alerta"}
{"level":"info","message":"GET en /operacionsencilla - 21:32:37"}
{"level":"info","message":"GET en /favicon.ico - 23:09:59"}
{"level":"info","message":"GET en /api/css/styles.css - 23:10:10"}
{"level":"info","message":"GET en /api/js/main.js - 23:10:10"}
{"level":"info","message":"GET en /api/css/styles.css - 19:51:52"}
{"level":"info","message":"GET en /api/js/main.js - 19:51:52"}
{"level":"info","message":"GET en /user/css/styles.css - 20:16:19"}
{"level":"info","message":"GET en /user/js/main.js - 20:16:19"}
{"level":"info","message":"GET en /user/css/styles.css - 20:18:42"}
{"level":"info","message":"GET en /user/js/main.js - 20:18:42"}
{"level":"info","message":"GET en /user/css/styles.css - 20:21:02"}
{"level":"info","message":"GET en /user/js/main.js - 20:21:02"}
{"level":"info","message":"GET en /user/css/styles.css - 20:21:43"}
{"level":"info","message":"GET en /user/js/main.js - 20:21:43"}
{"level":"info","message":"GET en /api/js/main.js - 22:09:11"}
{"level":"info","message":"GET en /api/css/styles.css - 22:09:11"}
{"level":"info","message":"GET en /api/css/styles.css - 22:17:15"}
{"level":"info","message":"GET en /api/js/main.js - 22:17:15"}
{"level":"info","message":"GET en /api/css/styles.css - 22:33:38"}
{"level":"info","message":"GET en /api/js/main.js - 22:33:38"}
{"level":"info","message":"GET en /api/css/styles.css - 22:35:09"}
{"level":"info","message":"GET en /api/js/main.js - 22:35:09"}
{"level":"info","message":"GET en /api/user - 22:54:08"}
{"level":"info","message":"GET en /api/css/styles.css - 23:03:29"}
{"level":"info","message":"GET en /api/js/main.js - 23:03:29"}
{"level":"info","message":"GET en /api/css/styles.css - 23:10:36"}
{"level":"info","message":"GET en /api/js/main.js - 23:10:36"}
{"level":"info","message":"GET en /api/css/styles.css - 23:28:08"}
{"level":"info","message":"GET en /api/js/main.js - 23:28:08"}
{"level":"info","message":"GET en /user/css/styles.css - 23:40:11"}
{"level":"info","message":"GET en /user/js/main.js - 23:40:11"}
{"level":"info","message":"GET en /api/css/styles.css - 23:50:07"}
{"level":"info","message":"GET en /api/js/main.js - 23:50:07"}
{"level":"info","message":"GET en /api/css/styles.css - 23:51:54"}
{"level":"info","message":"GET en /api/js/main.js - 23:51:54"}
{"level":"info","message":"GET en /jwt/login - 23:55:33"}
{"level":"info","message":"POST en /jwt/login - 23:55:41"}
{"level":"info","message":"GET en /api/css/styles.css - 00:13:10"}
{"level":"info","message":"GET en /api/js/main.js - 00:13:10"}
{"level":"info","message":"POST en /jwt/login - 01:09:40"}
{"level":"info","message":"POST en /api/jwt/lvalidation - 01:12:22"}
{"level":"info","message":"GET en /api/css/styles.css - 10:15:06"}
{"level":"info","message":"GET en /api/js/main.js - 10:15:06"}
{"level":"info","message":"POST en /jwt/login - 17:52:12"}
{"level":"info","message":"POST en /jwt/login - 17:53:05"}
{"level":"info","message":"POST en /jwt/login - 17:53:45"}
{"level":"info","message":"PUT en /api/product - 21:18:14"}
{"level":"info","message":"PUT en /api/product - 21:20:12"}
{"level":"info","message":"GET en /apidoc - 17:54:16"}
{"level":"info","message":"GET en /apidoc/ - 17:54:16"}
{"level":"info","message":"GET en /apidoc/swagger-ui.css - 17:54:16"}
{"level":"info","message":"GET en /apidoc/swagger-ui-init.js - 17:54:16"}
{"level":"info","message":"GET en /apidoc/swagger-ui-bundle.js - 17:54:17"}
{"level":"info","message":"GET en /apidoc/swagger-ui-standalone-preset.js - 17:54:17"}
{"level":"info","message":"GET en /apidoc/favicon-32x32.png - 17:54:17"}
{"level":"info","message":"GET en /apidoc/ - 17:56:53"}
{"level":"info","message":"GET en /apidoc/swagger-ui.css - 17:56:53"}
{"level":"info","message":"GET en /apidoc/swagger-ui-init.js - 17:56:53"}
{"level":"info","message":"GET en /apidoc/swagger-ui-bundle.js - 17:56:53"}
{"level":"info","message":"GET en /apidoc/swagger-ui-standalone-preset.js - 17:56:53"}
{"level":"info","message":"GET en /apidoc/favicon-32x32.png - 17:56:54"}
{"level":"info","message":"GET en /apidoc/ - 19:03:22"}
{"level":"info","message":"GET en /apidoc/swagger-ui-standalone-preset.js - 19:03:25"}
{"level":"info","message":"GET en /apidoc/swagger-ui-init.js - 19:03:25"}
{"level":"info","message":"GET en /apidoc/swagger-ui.css - 19:03:25"}
{"level":"info","message":"GET en /apidoc/swagger-ui-bundle.js - 19:03:25"}
{"level":"info","message":"GET en /apidoc/favicon-32x32.png - 19:03:26"}
{"level":"info","message":"GET en /apidoc/ - 19:04:12"}
{"level":"info","message":"GET en /apidoc/swagger-ui.css - 19:04:12"}
{"level":"info","message":"GET en /apidoc/swagger-ui-init.js - 19:04:12"}
{"level":"info","message":"GET en /apidoc/swagger-ui-standalone-preset.js - 19:04:12"}
{"level":"info","message":"GET en /apidoc/swagger-ui-bundle.js - 19:04:13"}
{"level":"info","message":"GET en /apidoc/favicon-32x32.png - 19:04:13"}
{"level":"info","message":"GET en /apidoc/ - 19:26:42"}
{"level":"info","message":"GET en /apidoc/swagger-ui.css - 19:26:42"}
{"level":"info","message":"GET en /apidoc/swagger-ui-init.js - 19:26:42"}
{"level":"info","message":"GET en /apidoc/swagger-ui-bundle.js - 19:26:43"}
{"level":"info","message":"GET en /apidoc/swagger-ui-standalone-preset.js - 19:26:43"}
{"level":"info","message":"GET en /apidoc/favicon-32x32.png - 19:26:43"}
{"level":"info","message":"GET en /apidoc/ - 19:26:47"}
{"level":"info","message":"GET en /apidoc/swagger-ui.css - 19:26:47"}
{"level":"info","message":"GET en /apidoc/swagger-ui-bundle.js - 19:26:47"}
{"level":"info","message":"GET en /apidoc/swagger-ui-standalone-preset.js - 19:26:47"}
{"level":"info","message":"GET en /apidoc/swagger-ui-init.js - 19:26:47"}
{"level":"info","message":"GET en /apidoc/favicon-32x32.png - 19:26:48"}
{"level":"info","message":"GET en /apidoc/ - 19:28:23"}
{"level":"info","message":"GET en /apidoc/swagger-ui.css - 19:28:23"}
{"level":"info","message":"GET en /apidoc/swagger-ui-standalone-preset.js - 19:28:23"}
{"level":"info","message":"GET en /apidoc/swagger-ui-bundle.js - 19:28:23"}
{"level":"info","message":"GET en /apidoc/swagger-ui-init.js - 19:28:23"}
{"level":"info","message":"GET en /apidoc/favicon-32x32.png - 19:28:24"}
{"level":"info","message":"GET en /apidoc/ - 19:28:30"}
{"level":"info","message":"GET en /apidoc/swagger-ui.css - 19:28:30"}
{"level":"info","message":"GET en /apidoc/swagger-ui-standalone-preset.js - 19:28:30"}
{"level":"info","message":"GET en /apidoc/swagger-ui-init.js - 19:28:30"}
{"level":"info","message":"GET en /apidoc/swagger-ui-bundle.js - 19:28:30"}
{"level":"info","message":"GET en /apidoc/favicon-32x32.png - 19:28:31"}
{"level":"info","message":"GET en /apidoc - 19:29:48"}
{"level":"info","message":"GET en /apidoc/ - 19:29:48"}
{"level":"info","message":"GET en /apidoc/swagger-ui.css - 19:29:48"}
{"level":"info","message":"GET en /apidoc/swagger-ui-bundle.js - 19:29:48"}
{"level":"info","message":"GET en /apidoc/swagger-ui-standalone-preset.js - 19:29:49"}
{"level":"info","message":"GET en /apidoc/swagger-ui-init.js - 19:29:49"}
{"level":"info","message":"GET en /apidoc/ - 19:46:36"}
{"level":"info","message":"GET en /apidoc/swagger-ui.css - 19:46:36"}
{"level":"info","message":"GET en /apidoc/swagger-ui-init.js - 19:46:36"}
{"level":"info","message":"GET en /apidoc/swagger-ui-bundle.js - 19:46:36"}
{"level":"info","message":"GET en /apidoc/swagger-ui-standalone-preset.js - 19:46:36"}
{"level":"info","message":"GET en /apidoc/ - 19:56:00"}
{"level":"info","message":"GET en /apidoc/swagger-ui.css - 19:56:00"}
{"level":"info","message":"GET en /apidoc/swagger-ui-bundle.js - 19:56:00"}
{"level":"info","message":"GET en /apidoc/swagger-ui-standalone-preset.js - 19:56:00"}
{"level":"info","message":"GET en /apidoc/swagger-ui-init.js - 19:56:00"}
{"level":"info","message":"GET en /apidoc/favicon-32x32.png - 19:56:01"}
{"level":"info","message":"GET en /apidoc/ - 20:10:13"}
{"level":"info","message":"GET en /apidoc/swagger-ui-bundle.js - 20:10:13"}
{"level":"info","message":"GET en /apidoc/swagger-ui-init.js - 20:10:13"}
{"level":"info","message":"GET en /apidoc/swagger-ui-standalone-preset.js - 20:10:13"}
{"level":"info","message":"GET en /apidoc/swagger-ui.css - 20:10:13"}
{"level":"info","message":"GET en /apidoc/swagger-ui.css - 20:11:12"}
{"level":"info","message":"GET en /apidoc/swagger-ui-bundle.js.map - 20:11:12"}
{"level":"info","message":"GET en /apidoc/swagger-ui-standalone-preset.js.map - 20:11:12"}
{"level":"info","message":"GET en /apidoc/swagger-ui.css.map - 20:11:12"}
{"level":"info","message":"GET en /apidoc/ - 20:14:20"}
{"level":"info","message":"GET en /apidoc/swagger-ui.css - 20:14:20"}
{"level":"info","message":"GET en /apidoc/swagger-ui-init.js - 20:14:20"}
{"level":"info","message":"GET en /apidoc/swagger-ui.css.map - 20:14:20"}
{"level":"info","message":"GET en /apidoc/swagger-ui-bundle.js - 20:14:20"}
{"level":"info","message":"GET en /apidoc/swagger-ui-standalone-preset.js - 20:14:20"}
{"level":"info","message":"GET en /apidoc/swagger-ui-bundle.js.map - 20:14:20"}
{"level":"info","message":"GET en /apidoc/swagger-ui-standalone-preset.js.map - 20:14:21"}
{"level":"info","message":"GET en /apidoc/ - 20:18:10"}
{"level":"info","message":"GET en /apidoc/swagger-ui.css - 20:18:10"}
{"level":"info","message":"GET en /apidoc/swagger-ui-init.js - 20:18:10"}
{"level":"info","message":"GET en /apidoc/swagger-ui-standalone-preset.js - 20:18:11"}
{"level":"info","message":"GET en /apidoc/swagger-ui-bundle.js - 20:18:11"}
{"level":"info","message":"GET en /apidoc/ - 20:18:30"}
{"level":"info","message":"GET en /apidoc/swagger-ui.css - 20:18:30"}
{"level":"info","message":"GET en /apidoc/swagger-ui-standalone-preset.js - 20:18:30"}
{"level":"info","message":"GET en /apidoc/swagger-ui-bundle.js - 20:18:30"}
{"level":"info","message":"GET en /apidoc/swagger-ui-init.js - 20:18:30"}
{"level":"info","message":"GET en /apidoc/ - 20:21:07"}
{"level":"info","message":"GET en /apidoc/swagger-ui.css - 20:21:07"}
{"level":"info","message":"GET en /apidoc/swagger-ui-init.js - 20:21:07"}
{"level":"info","message":"GET en /apidoc/swagger-ui-bundle.js - 20:21:08"}
{"level":"info","message":"GET en /apidoc/swagger-ui-standalone-preset.js - 20:21:08"}
{"level":"info","message":"GET en /apidoc/ - 20:22:26"}
{"level":"info","message":"GET en /apidoc/swagger-ui.css - 20:22:26"}
{"level":"info","message":"GET en /apidoc/swagger-ui-init.js - 20:22:26"}
{"level":"info","message":"GET en /apidoc/swagger-ui-bundle.js - 20:22:27"}
{"level":"info","message":"GET en /apidoc/swagger-ui-standalone-preset.js - 20:22:27"}
{"level":"info","message":"GET en /apidoc/ - 20:28:10"}
{"level":"info","message":"GET en /apidoc/swagger-ui.css - 20:28:10"}
{"level":"info","message":"GET en /apidoc/swagger-ui-init.js - 20:28:10"}
{"level":"info","message":"GET en /apidoc/swagger-ui-standalone-preset.js - 20:28:11"}
{"level":"info","message":"GET en /apidoc/swagger-ui-bundle.js - 20:28:11"}
{"level":"info","message":"GET en /apidoc/ - 20:30:54"}
{"level":"info","message":"GET en /apidoc/swagger-ui.css - 20:30:55"}
{"level":"info","message":"GET en /apidoc/swagger-ui-init.js - 20:30:55"}
{"level":"info","message":"GET en /apidoc/swagger-ui-standalone-preset.js - 20:30:55"}
{"level":"info","message":"GET en /apidoc/swagger-ui-bundle.js - 20:30:55"}
{"level":"info","message":"GET en /apidoc/ - 20:34:33"}
{"level":"info","message":"GET en /apidoc/swagger-ui.css - 20:34:33"}
{"level":"info","message":"GET en /apidoc/swagger-ui-init.js - 20:34:33"}
{"level":"info","message":"GET en /apidoc/swagger-ui-standalone-preset.js - 20:34:33"}
{"level":"info","message":"GET en /apidoc/swagger-ui-bundle.js - 20:34:33"}
{"level":"info","message":"GET en /apidoc/ - 20:36:05"}
{"level":"info","message":"GET en /apidoc/swagger-ui.css - 20:36:07"}
{"level":"info","message":"GET en /apidoc/swagger-ui-init.js - 20:36:07"}
{"level":"info","message":"GET en /apidoc/swagger-ui-bundle.js - 20:36:07"}
{"level":"info","message":"GET en /apidoc/swagger-ui-standalone-preset.js - 20:36:07"}
{"level":"info","message":"GET en /apidoc/ - 20:44:40"}
{"level":"info","message":"GET en /apidoc/swagger-ui-bundle.js - 20:44:41"}
{"level":"info","message":"GET en /apidoc/swagger-ui-init.js - 20:44:41"}
{"level":"info","message":"GET en /apidoc/swagger-ui-standalone-preset.js - 20:44:41"}
{"level":"info","message":"GET en /apidoc/swagger-ui.css - 20:44:41"}
{"level":"info","message":"GET en /apidoc/ - 20:48:21"}
{"level":"info","message":"GET en /apidoc/swagger-ui.css - 20:48:22"}
{"level":"info","message":"GET en /apidoc/swagger-ui-init.js - 20:48:22"}
{"level":"info","message":"GET en /apidoc/swagger-ui-standalone-preset.js - 20:48:22"}
{"level":"info","message":"GET en /apidoc/swagger-ui-bundle.js - 20:48:22"}
{"level":"info","message":"GET en /apidoc/ - 06:57:37"}
{"level":"info","message":"GET en /apidoc/swagger-ui-bundle.js - 06:57:37"}
{"level":"info","message":"GET en /apidoc/swagger-ui-init.js - 06:57:37"}
{"level":"info","message":"GET en /apidoc/swagger-ui.css - 06:57:38"}
{"level":"info","message":"GET en /apidoc/swagger-ui-standalone-preset.js - 06:57:38"}
{"level":"info","message":"GET en /apidoc/ - 07:05:08"}
{"level":"info","message":"GET en /apidoc/swagger-ui-bundle.js - 07:05:08"}
{"level":"info","message":"GET en /apidoc/swagger-ui.css - 07:05:08"}
{"level":"info","message":"GET en /apidoc/swagger-ui-standalone-preset.js - 07:05:08"}
{"level":"info","message":"GET en /apidoc/swagger-ui-init.js - 07:05:08"}
{"level":"info","message":"GET en /apidoc/ - 07:05:50"}
{"level":"info","message":"GET en /apidoc/swagger-ui.css - 07:05:50"}
{"level":"info","message":"GET en /apidoc/swagger-ui-init.js - 07:05:50"}
{"level":"info","message":"GET en /apidoc/swagger-ui-standalone-preset.js - 07:05:50"}
{"level":"info","message":"GET en /apidoc/swagger-ui-bundle.js - 07:05:50"}
{"level":"info","message":"GET en /apidoc/favicon-32x32.png - 07:05:51"}
{"level":"info","message":"GET en /api/user - 19:14:13"}
{"level":"info","message":"GET en /api/users - 19:14:21"}
{"level":"info","message":"POST en /api/product/64c1c7bdeb11fd90584a81e5 - 22:26:08"}
{"level":"info","message":"GET en /api/cart/64e7def1afa8d660c657cf44/product/64e7cffc2bcb3e3e1ecfbeee - 20:38:21"}
{"level":"info","message":"PUT en /api/cart/64e7def1afa8d660c657cf44/product/64e7cc2a3c74e2ac6db20fa6 - 20:41:33"}
{"level":"info","message":"GET en /favicon.ico - 22:41:34"}
{"level":"info","message":"GET en /api/css/styles.css - 22:43:17"}
{"level":"info","message":"GET en /api/js/main.js - 22:43:17"}
{"level":"info","message":"GET en /api/css/styles.css - 22:44:49"}
{"level":"info","message":"GET en /api/js/main.js - 22:44:49"}
{"level":"info","message":"GET en /api/css/styles.css - 22:49:29"}
{"level":"info","message":"GET en /api/alt=%22%22 - 22:49:29"}
{"level":"info","message":"GET en /api/js/main.js - 22:49:30"}
{"level":"info","message":"GET en /api/css/styles.css - 22:51:21"}
{"level":"info","message":"GET en /api/alt=%22products - 22:51:21"}
{"level":"info","message":"GET en /api/js/main.js - 22:51:21"}
{"level":"info","message":"GET en /api/css/styles.css - 22:52:28"}
{"level":"info","message":"GET en /api/alt=%22products - 22:52:28"}
{"level":"info","message":"GET en /api/js/main.js - 22:52:28"}
{"level":"info","message":"GET en /api/css/styles.css - 23:11:38"}
{"level":"info","message":"GET en /api/[object - 23:11:38"}
{"level":"info","message":"GET en /api/js/main.js - 23:11:38"}
{"level":"info","message":"GET en /api/alt= - 23:11:38"}
{"level":"info","message":"GET en /api/session/logout? - 23:12:39"}
{"level":"info","message":"GET en /api/session/logout? - 23:13:09"}
{"level":"info","message":"GET en /api/css/styles.css - 23:15:57"}
{"level":"info","message":"GET en /api/[object - 23:15:57"}
{"level":"info","message":"GET en /api/alt= - 23:15:57"}
{"level":"info","message":"GET en /api/js/main.js - 23:15:58"}
{"level":"info","message":"GET en /favicon.ico - 21:00:59"}
{"level":"info","message":"GET en /api/css/styles.css - 21:01:08"}
{"level":"info","message":"GET en /api/alt= - 21:01:08"}
{"level":"info","message":"GET en /api/js/main.js - 21:01:08"}
{"level":"info","message":"GET en /api/css/styles.css - 21:06:18"}
{"level":"info","message":"GET en /api/alt= - 21:06:18"}
{"level":"info","message":"GET en /api/js/main.js - 21:06:19"}
{"level":"info","message":"GET en /api/css/styles.css - 21:07:09"}
{"level":"info","message":"GET en /api/alt= - 21:07:09"}
{"level":"info","message":"GET en /api/js/main.js - 21:07:09"}
{"level":"info","message":"GET en /api/css/styles.css - 21:15:35"}
{"level":"info","message":"GET en /api/alt= - 21:15:35"}
{"level":"info","message":"GET en /api/js/main.js - 21:15:35"}
{"level":"info","message":"GET en /api/css/styles.css - 21:19:20"}
{"level":"info","message":"GET en /api/alt= - 21:19:20"}
{"level":"info","message":"GET en /api/js/main.js - 21:19:20"}
{"level":"info","message":"GET en /api/css/styles.css - 21:29:03"}
{"level":"info","message":"GET en /api/$%7Bproduct.tumbnail%7D - 21:29:03"}
{"level":"info","message":"GET en /api/$%7Bproduct.tumbnail%7D - 21:29:03"}
{"level":"info","message":"GET en /api/js/main.js - 21:29:04"}
{"level":"info","message":"GET en /api/css/styles.css - 21:37:43"}
{"level":"info","message":"GET en /api/alt= - 21:37:43"}
{"level":"info","message":"GET en /api/js/main.js - 21:37:43"}
{"level":"info","message":"GET en /api/css/styles.css - 21:39:17"}
{"level":"info","message":"GET en /api/alt= - 21:39:17"}
{"level":"info","message":"GET en /api/js/main.js - 21:39:17"}
{"level":"info","message":"GET en /api/css/styles.css - 21:40:12"}
{"level":"info","message":"GET en /api/style=' - 21:40:12"}
{"level":"info","message":"GET en /api/js/main.js - 21:40:12"}
{"level":"info","message":"GET en /api/css/styles.css - 21:44:41"}
{"level":"info","message":"GET en /api/js/main.js - 21:44:41"}
{"level":"info","message":"GET en /api/css/styles.css - 21:46:59"}
{"level":"info","message":"GET en /api/js/main.js - 21:46:59"}
{"level":"info","message":"GET en /api/uploads/ - 21:46:59"}
{"level":"info","message":"GET en /api/uploads/https://drive.google.com/file/d/1W_CdrL-eT0El-CHmCasE1oNRtf3Xtp6Y/view?usp=drive_link - 21:46:59"}
{"level":"info","message":"GET en /api/uploads/https://drive.google.com/file/d/1W_CdrL-eT0El-CHmCasE1oNRtf3Xtp6Y/view?usp=drive_link - 21:47:21"}
{"level":"info","message":"GET en /api/css/styles.css - 21:47:57"}
{"level":"info","message":"GET en /api/js/main.js - 21:47:57"}
{"level":"info","message":"GET en /api/css/styles.css - 21:51:57"}
{"level":"info","message":"GET en /api/js/main.js - 21:51:57"}
{"level":"info","message":"GET en /api/css/styles.css - 21:52:32"}
{"level":"info","message":"GET en /api/style=' - 21:52:32"}
{"level":"info","message":"GET en /api/js/main.js - 21:52:32"}
{"level":"info","message":"GET en /api/css/styles.css - 22:05:24"}
{"level":"info","message":"GET en /api/css/styles.css - 22:12:20"}
{"level":"info","message":"GET en /api/js/main.js - 22:12:20"}
{"level":"info","message":"GET en /api/css/styles.css - 22:13:08"}
{"level":"info","message":"GET en /api/js/main.js - 22:13:08"}
{"level":"info","message":"GET en /api/css/styles.css - 22:16:10"}
{"level":"info","message":"GET en /api/js/main.js - 22:16:10"}
{"level":"info","message":"GET en /api/style=' - 22:16:11"}
{"level":"info","message":"GET en /api/css/styles.css - 19:30:37"}
{"level":"info","message":"GET en /api/style=' - 19:30:37"}
{"level":"info","message":"GET en /api/js/main.js - 19:30:37"}
{"level":"info","message":"GET en /api/css/styles.css - 19:31:40"}
{"level":"info","message":"GET en /api/style=' - 19:31:40"}
{"level":"info","message":"GET en /api/js/main.js - 19:31:40"}
{"level":"info","message":"GET en /api/css/styles.css - 19:36:00"}
{"level":"info","message":"GET en /api/style=' - 19:36:00"}
{"level":"info","message":"GET en /api/js/main.js - 19:36:00"}
{"level":"info","message":"GET en /api/css/styles.css - 19:53:45"}
{"level":"info","message":"GET en /api/css/styles.css - 19:57:50"}
{"level":"info","message":"GET en /api/style=' - 19:57:50"}
{"level":"info","message":"GET en /api/js/main.js - 19:57:50"}
{"level":"info","message":"GET en /api/style=' - 19:57:50"}
{"level":"info","message":"GET en /api/style=' - 20:00:57"}
{"level":"info","message":"GET en /api/css/styles.css - 20:00:57"}
{"level":"info","message":"GET en /api/js/main.js - 20:00:57"}
{"level":"info","message":"GET en /api/style=' - 20:00:57"}
{"level":"info","message":"GET en /api/css/styles.css - 20:01:16"}
{"level":"info","message":"GET en /api/style=' - 20:01:16"}
{"level":"info","message":"GET en /api/js/main.js - 20:01:17"}
{"level":"info","message":"GET en /api/css/styles.css - 20:11:15"}
{"level":"info","message":"GET en /api/style=' - 20:11:15"}
{"level":"info","message":"GET en /api/js/main.js - 20:11:15"}
{"level":"info","message":"GET en /user/js/main.js - 19:21:42"}
{"level":"info","message":"GET en /user/css/styles.css - 19:21:42"}
{"level":"info","message":"GET en /favicon.ico - 19:21:43"}
{"level":"info","message":"GET en /api/css/styles.css - 19:22:58"}
{"level":"info","message":"GET en /api/js/main.js - 19:22:59"}
{"level":"info","message":"GET en /api/css/styles.css - 19:24:01"}
{"level":"info","message":"GET en /api/js/main.js - 19:24:01"}
{"level":"info","message":"GET en /api/style=' - 19:24:02"}
{"level":"info","message":"GET en /api/css/styles.css - 19:31:36"}
{"level":"info","message":"GET en /api/style=' - 19:31:36"}
{"level":"info","message":"GET en /api/js/main.js - 19:31:37"}
{"level":"info","message":"GET en /api/css/styles.css - 20:13:56"}
{"level":"info","message":"GET en /api/style=' - 20:13:56"}
{"level":"info","message":"GET en /api/js/main.js - 20:13:56"}
{"level":"info","message":"GET en /api/style=' - 20:13:56"}
{"level":"info","message":"GET en /api/css/styles.css - 20:37:21"}
{"level":"info","message":"GET en /api/js/main.js - 20:37:21"}
{"level":"info","message":"GET en /api/style=' - 20:37:21"}
{"level":"info","message":"GET en /api/users - 22:06:27"}
{"level":"info","message":"GET en /api/user - 22:06:38"}
